[33mWARNING[0m:  [26-10-2025 23:09:05] chroma_server_nofile is not supported on Windows. chroma_server_nofile will not be set.
[32mINFO[0m:     [26-10-2025 23:09:06] Anonymized telemetry enabled. See                     https://docs.trychroma.com/telemetry for more information.
[36mDEBUG[0m:    [26-10-2025 23:09:06] Starting component System
[36mDEBUG[0m:    [26-10-2025 23:09:06] Starting component OpenTelemetryClient
[36mDEBUG[0m:    [26-10-2025 23:09:06] Starting component SqliteDB
[36mDEBUG[0m:    [26-10-2025 23:09:08] Starting component QuotaEnforcer
[36mDEBUG[0m:    [26-10-2025 23:09:08] Starting component Posthog
[36mDEBUG[0m:    [26-10-2025 23:09:08] Starting component LocalSegmentManager
[36mDEBUG[0m:    [26-10-2025 23:09:08] Starting component SegmentAPI
[31mERROR[0m:    [26-10-2025 23:09:08] Failed to send telemetry event ServerStartEvent: capture() takes 1 positional argument but 3 were given
[32mINFO[0m:     [26-10-2025 23:09:08] Started server process [[36m8448[0m]
[32mINFO[0m:     [26-10-2025 23:09:08] Waiting for application startup.
[32mINFO[0m:     [26-10-2025 23:09:08] Application startup complete.
[32mINFO[0m:     [26-10-2025 23:09:08] Uvicorn running on [1mhttp://0.0.0.0:8000[0m (Press CTRL+C to quit)
[32mINFO[0m:     [26-10-2025 23:09:08] 127.0.0.1:8542 - "GET /logs HTTP/1.1" 404
[32mINFO[0m:     [26-10-2025 23:09:29] Shutting down
[32mINFO[0m:     [26-10-2025 23:09:29] Waiting for application shutdown.
[36mDEBUG[0m:    [26-10-2025 23:09:29] Stopping component System
[36mDEBUG[0m:    [26-10-2025 23:09:29] Stopping component SegmentAPI
[36mDEBUG[0m:    [26-10-2025 23:09:29] Stopping component LocalSegmentManager
[36mDEBUG[0m:    [26-10-2025 23:09:29] Stopping component Posthog
[36mDEBUG[0m:    [26-10-2025 23:09:29] Stopping component QuotaEnforcer
[36mDEBUG[0m:    [26-10-2025 23:09:29] Stopping component SqliteDB
[36mDEBUG[0m:    [26-10-2025 23:09:29] Stopping component OpenTelemetryClient
[32mINFO[0m:     [26-10-2025 23:09:29] Application shutdown complete.
[32mINFO[0m:     [26-10-2025 23:09:29] Finished server process [[36m8448[0m]
[33mWARNING[0m:  [26-10-2025 23:27:48] chroma_server_nofile is not supported on Windows. chroma_server_nofile will not be set.
[32mINFO[0m:     [26-10-2025 23:27:49] Anonymized telemetry enabled. See                     https://docs.trychroma.com/telemetry for more information.
[36mDEBUG[0m:    [26-10-2025 23:27:49] Starting component System
[36mDEBUG[0m:    [26-10-2025 23:27:49] Starting component OpenTelemetryClient
[36mDEBUG[0m:    [26-10-2025 23:27:49] Starting component SqliteDB
[36mDEBUG[0m:    [26-10-2025 23:27:51] Starting component QuotaEnforcer
[36mDEBUG[0m:    [26-10-2025 23:27:51] Starting component Posthog
[36mDEBUG[0m:    [26-10-2025 23:27:51] Starting component LocalSegmentManager
[36mDEBUG[0m:    [26-10-2025 23:27:51] Starting component SegmentAPI
[31mERROR[0m:    [26-10-2025 23:27:51] Failed to send telemetry event ServerStartEvent: capture() takes 1 positional argument but 3 were given
[32mINFO[0m:     [26-10-2025 23:27:51] Started server process [[36m7748[0m]
[32mINFO[0m:     [26-10-2025 23:27:51] Waiting for application startup.
[32mINFO[0m:     [26-10-2025 23:27:51] Application startup complete.
[32mINFO[0m:     [26-10-2025 23:27:51] Uvicorn running on [1mhttp://localhost:8000[0m (Press CTRL+C to quit)
[32mINFO[0m:     [26-10-2025 23:28:02] ::1:4844 - "GET /api/embeddings/stats HTTP/1.1" 404
[32mINFO[0m:     [26-10-2025 23:28:02] ::1:10374 - "GET /cameras HTTP/1.1" 404
[32mINFO[0m:     [26-10-2025 23:28:18] ::1:10374 - "GET / HTTP/1.1" 404
[32mINFO[0m:     [26-10-2025 23:28:21] ::1:10374 - "GET /api/embeddings/stats HTTP/1.1" 404
[32mINFO[0m:     [26-10-2025 23:28:21] ::1:4844 - "GET /cameras HTTP/1.1" 404
[32mINFO[0m:     [26-10-2025 23:28:22] ::1:4844 - "GET / HTTP/1.1" 404
